[ERROR] 2025-03-01 14:24:32,361 [import-task-kfngoe-1 | c.o.f.i.FileImportRunnableTask] Could not import file
org.eclipse.rdf4j.repository.RepositoryException: org.eclipse.rdf4j.sail.SailException: Invalid IRI value
	at org.eclipse.rdf4j.repository.sail.SailRepositoryConnection.addWithoutCommit(SailRepositoryConnection.java:414)
	at com.ontotext.trree.monitorRepository.MonitorRepositoryConnection.addWithoutCommit(MonitorRepositoryConnection.java:368)
	at org.eclipse.rdf4j.repository.base.AbstractRepositoryConnection.add(AbstractRepositoryConnection.java:436)
	at org.eclipse.rdf4j.repository.util.RDFInserter.addStatement(RDFInserter.java:66)
	at org.eclipse.rdf4j.repository.util.AbstractRDFInserter.handleStatement(AbstractRDFInserter.java:184)
	at org.eclipse.rdf4j.rio.turtle.TurtleParser.reportStatement(TurtleParser.java:1122)
	at org.eclipse.rdf4j.rio.turtle.TurtleParser.parseObject(TurtleParser.java:453)
	at org.eclipse.rdf4j.rio.turtle.TurtleParser.parseObjectList(TurtleParser.java:374)
	at org.eclipse.rdf4j.rio.turtle.TurtleParser.parsePredicateObjectList(TurtleParser.java:369)
	at org.eclipse.rdf4j.rio.turtle.TurtleParser.parseImplicitBlank(TurtleParser.java:543)
	at org.eclipse.rdf4j.rio.turtle.TurtleParser.parseObject(TurtleParser.java:449)
	at org.eclipse.rdf4j.rio.turtle.TurtleParser.parseObjectList(TurtleParser.java:374)
	at org.eclipse.rdf4j.rio.turtle.TurtleParser.parsePredicateObjectList(TurtleParser.java:369)
	at org.eclipse.rdf4j.rio.turtle.TurtleParser.parseTriples(TurtleParser.java:334)
	at org.eclipse.rdf4j.rio.turtle.TurtleParser.parseStatement(TurtleParser.java:202)
	at org.eclipse.rdf4j.rio.turtle.TurtleParser.parse(TurtleParser.java:164)
	at org.eclipse.rdf4j.rio.turtle.TurtleParser.parse(TurtleParser.java:127)
	at org.eclipse.rdf4j.repository.util.RDFLoader.loadInputStreamOrReader(RDFLoader.java:302)
	at org.eclipse.rdf4j.repository.util.RDFLoader.load(RDFLoader.java:229)
	at org.eclipse.rdf4j.repository.base.AbstractRepositoryConnection.add(AbstractRepositoryConnection.java:285)
	at com.ontotext.trree.monitorRepository.MonitorRepositoryConnection.add(MonitorRepositoryConnection.java:216)
	at com.ontotext.trree.parallel.InterruptableConnectionWrapper.add(InterruptableConnectionWrapper.java:121)
	at com.ontotext.trree.parallel.InterruptableConnectionWrapper.add(InterruptableConnectionWrapper.java:50)
	at com.ontotext.forest.impex.ParallelAwareImporter.lambda$add$5(ParallelAwareImporter.java:131)
	at com.ontotext.forest.impex.ParallelAwareImporter.wrapInBeginCommit(ParallelAwareImporter.java:153)
	at com.ontotext.forest.impex.ParallelAwareImporter.add(ParallelAwareImporter.java:110)
	at com.ontotext.forest.impex.FileImportRunnableTask.load(FileImportRunnableTask.java:43)
	at com.ontotext.forest.impex.ImportRunnableTask.run(ImportRunnableTask.java:96)
	at common.GraphDBMDCExecutorBuilder.lambda$wrap$1(GraphDBMDCExecutorBuilder.java:95)
	at java.base/java.util.concurrent.Executors$RunnableAdapter.call(Executors.java:515)
	at java.base/java.util.concurrent.FutureTask.run(FutureTask.java:264)
	at java.base/java.util.concurrent.ThreadPoolExecutor.runWorker(ThreadPoolExecutor.java:1128)
	at java.base/java.util.concurrent.ThreadPoolExecutor$Worker.run(ThreadPoolExecutor.java:628)
	at java.base/java.lang.Thread.run(Thread.java:829)
Caused by: org.eclipse.rdf4j.sail.SailException: Invalid IRI value
	at com.ontotext.trree.SailConnectionImpl.addStatement(SailConnectionImpl.java:3218)
	at com.ontotext.trree.SailConnectionImpl.addStatement(SailConnectionImpl.java:3364)
	at org.eclipse.rdf4j.repository.sail.SailRepositoryConnection.addWithoutCommit(SailRepositoryConnection.java:410)
	... 33 common frames omitted
Caused by: com.ontotext.trree.entitypool.util.InvalidValueException: Invalid IRI value
	at com.ontotext.trree.entitypool.util.EntityValidateUtil.validateEntity(EntityValidateUtil.java:27)
	at com.ontotext.trree.entitypool.impl.map.PersistedHashMap$Connection.add(PersistedHashMap.java:347)
	at com.ontotext.trree.entitypool.impl.TransactionalEntityPool$TransactionalEntityPoolConnection.createId(TransactionalEntityPool.java:429)
	at com.ontotext.trree.SailConnectionImpl.resolveValue(SailConnectionImpl.java:1947)
	at com.ontotext.trree.SailConnectionImpl.addStatementInternal(SailConnectionImpl.java:1873)
	at com.ontotext.trree.SailConnectionImpl.addStatement(SailConnectionImpl.java:3216)
	... 35 common frames omitted
Caused by: java.net.URISyntaxException: Unexpected character U+20 at index 0:  http://d-nb.info/gnd/1035682745
	at org.eclipse.rdf4j.common.net.ParsedIRI.error(ParsedIRI.java:1032)
	at org.eclipse.rdf4j.common.net.ParsedIRI.parse(ParsedIRI.java:813)
	at org.eclipse.rdf4j.common.net.ParsedIRI.<init>(ParsedIRI.java:268)
	at com.ontotext.trree.entitypool.util.EntityValidateUtil.validateEntity(EntityValidateUtil.java:25)
	... 40 common frames omitted
[ERROR] 2025-03-01 14:25:04,144 [import-task-kfngoe-1 | c.o.f.i.FileImportRunnableTask] Could not import file
org.eclipse.rdf4j.repository.RepositoryException: org.eclipse.rdf4j.sail.SailException: Invalid IRI value
	at org.eclipse.rdf4j.repository.sail.SailRepositoryConnection.addWithoutCommit(SailRepositoryConnection.java:414)
	at com.ontotext.trree.monitorRepository.MonitorRepositoryConnection.addWithoutCommit(MonitorRepositoryConnection.java:368)
	at org.eclipse.rdf4j.repository.base.AbstractRepositoryConnection.add(AbstractRepositoryConnection.java:436)
	at org.eclipse.rdf4j.repository.util.RDFInserter.addStatement(RDFInserter.java:66)
	at org.eclipse.rdf4j.repository.util.AbstractRDFInserter.handleStatement(AbstractRDFInserter.java:184)
	at org.eclipse.rdf4j.rio.turtle.TurtleParser.reportStatement(TurtleParser.java:1122)
	at org.eclipse.rdf4j.rio.turtle.TurtleParser.parseObject(TurtleParser.java:453)
	at org.eclipse.rdf4j.rio.turtle.TurtleParser.parseObjectList(TurtleParser.java:374)
	at org.eclipse.rdf4j.rio.turtle.TurtleParser.parsePredicateObjectList(TurtleParser.java:369)
	at org.eclipse.rdf4j.rio.turtle.TurtleParser.parseImplicitBlank(TurtleParser.java:543)
	at org.eclipse.rdf4j.rio.turtle.TurtleParser.parseObject(TurtleParser.java:449)
	at org.eclipse.rdf4j.rio.turtle.TurtleParser.parseObjectList(TurtleParser.java:374)
	at org.eclipse.rdf4j.rio.turtle.TurtleParser.parsePredicateObjectList(TurtleParser.java:369)
	at org.eclipse.rdf4j.rio.turtle.TurtleParser.parseTriples(TurtleParser.java:334)
	at org.eclipse.rdf4j.rio.turtle.TurtleParser.parseStatement(TurtleParser.java:202)
	at org.eclipse.rdf4j.rio.turtle.TurtleParser.parse(TurtleParser.java:164)
	at org.eclipse.rdf4j.rio.turtle.TurtleParser.parse(TurtleParser.java:127)
	at org.eclipse.rdf4j.repository.util.RDFLoader.loadInputStreamOrReader(RDFLoader.java:302)
	at org.eclipse.rdf4j.repository.util.RDFLoader.load(RDFLoader.java:229)
	at org.eclipse.rdf4j.repository.base.AbstractRepositoryConnection.add(AbstractRepositoryConnection.java:285)
	at com.ontotext.trree.monitorRepository.MonitorRepositoryConnection.add(MonitorRepositoryConnection.java:216)
	at com.ontotext.trree.parallel.InterruptableConnectionWrapper.add(InterruptableConnectionWrapper.java:121)
	at com.ontotext.trree.parallel.InterruptableConnectionWrapper.add(InterruptableConnectionWrapper.java:50)
	at com.ontotext.forest.impex.ParallelAwareImporter.lambda$add$5(ParallelAwareImporter.java:131)
	at com.ontotext.forest.impex.ParallelAwareImporter.wrapInBeginCommit(ParallelAwareImporter.java:153)
	at com.ontotext.forest.impex.ParallelAwareImporter.add(ParallelAwareImporter.java:110)
	at com.ontotext.forest.impex.FileImportRunnableTask.load(FileImportRunnableTask.java:43)
	at com.ontotext.forest.impex.ImportRunnableTask.run(ImportRunnableTask.java:96)
	at common.GraphDBMDCExecutorBuilder.lambda$wrap$1(GraphDBMDCExecutorBuilder.java:95)
	at java.base/java.util.concurrent.Executors$RunnableAdapter.call(Executors.java:515)
	at java.base/java.util.concurrent.FutureTask.run(FutureTask.java:264)
	at java.base/java.util.concurrent.ThreadPoolExecutor.runWorker(ThreadPoolExecutor.java:1128)
	at java.base/java.util.concurrent.ThreadPoolExecutor$Worker.run(ThreadPoolExecutor.java:628)
	at java.base/java.lang.Thread.run(Thread.java:829)
Caused by: org.eclipse.rdf4j.sail.SailException: Invalid IRI value
	at com.ontotext.trree.SailConnectionImpl.addStatement(SailConnectionImpl.java:3218)
	at com.ontotext.trree.SailConnectionImpl.addStatement(SailConnectionImpl.java:3364)
	at org.eclipse.rdf4j.repository.sail.SailRepositoryConnection.addWithoutCommit(SailRepositoryConnection.java:410)
	... 33 common frames omitted
Caused by: com.ontotext.trree.entitypool.util.InvalidValueException: Invalid IRI value
	at com.ontotext.trree.entitypool.util.EntityValidateUtil.validateEntity(EntityValidateUtil.java:27)
	at com.ontotext.trree.entitypool.impl.map.PersistedHashMap$Connection.add(PersistedHashMap.java:347)
	at com.ontotext.trree.entitypool.impl.TransactionalEntityPool$TransactionalEntityPoolConnection.createId(TransactionalEntityPool.java:429)
	at com.ontotext.trree.SailConnectionImpl.resolveValue(SailConnectionImpl.java:1947)
	at com.ontotext.trree.SailConnectionImpl.addStatementInternal(SailConnectionImpl.java:1873)
	at com.ontotext.trree.SailConnectionImpl.addStatement(SailConnectionImpl.java:3216)
	... 35 common frames omitted
Caused by: java.net.URISyntaxException: Unexpected character U+20 at index 0:  https://d-nb.info/gnd/118729578
	at org.eclipse.rdf4j.common.net.ParsedIRI.error(ParsedIRI.java:1032)
	at org.eclipse.rdf4j.common.net.ParsedIRI.parse(ParsedIRI.java:813)
	at org.eclipse.rdf4j.common.net.ParsedIRI.<init>(ParsedIRI.java:268)
	at com.ontotext.trree.entitypool.util.EntityValidateUtil.validateEntity(EntityValidateUtil.java:25)
	... 40 common frames omitted
