[INFO ] 2023-03-27 18:54:20,788 [main | c.o.g.Config] Using 'file:/home/rh/github/dev-baernreither-app/graphdb-10.2.0/conf/logback.xml' as logback's configuration file
[INFO ] 2023-03-27 18:54:21,109 [main | c.o.g.s.GraphDB] Starting GraphDB in workbench mode.
[INFO ] 2023-03-27 18:54:29,486 [main | c.o.g.Config] GraphDB Home directory: /home/rh/github/dev-baernreither-app/graphdb-10.2.0
[INFO ] 2023-03-27 18:54:29,487 [main | c.o.g.Config] GraphDB Config directory: /home/rh/github/dev-baernreither-app/graphdb-10.2.0/conf
[INFO ] 2023-03-27 18:54:29,487 [main | c.o.g.Config] GraphDB Data directory: /home/rh/github/dev-baernreither-app/graphdb-10.2.0/data
[INFO ] 2023-03-27 18:54:29,487 [main | c.o.g.Config] GraphDB Work directory: /home/rh/github/dev-baernreither-app/graphdb-10.2.0/work
[INFO ] 2023-03-27 18:54:29,488 [main | c.o.g.Config] GraphDB Logs directory: /home/rh/github/dev-baernreither-app/graphdb-10.2.0/logs
[INFO ] 2023-03-27 18:54:30,196 [main | c.o.g.r.s.SecurityUtil] Cluster gRPC server security is disabled
[INFO ] 2023-03-27 18:54:30,514 [main | c.o.f.c.s.r.GraphDBRpcServer] Started gRPC server on port 7300 successfully
[INFO ] 2023-03-27 18:54:32,970 [main | c.o.g.s.GraphDB] Started GraphDB in workbench mode at port 7200.
[INFO ] 2023-03-27 19:11:00,674 [Thread-3 | c.o.g.s.GraphDB] Stopping GraphDB.
[INFO ] 2023-03-27 19:11:00,742 [Thread-3 | c.o.f.c.s.SemanticDataManagement] Shutting down current semantic location
[INFO ] 2023-03-27 20:18:26,527 [main | c.o.g.Config] Using 'file:/home/rh/github/dev-baernreither-app/graphdb-10.2.0/conf/logback.xml' as logback's configuration file
[INFO ] 2023-03-27 20:18:26,876 [main | c.o.g.s.GraphDB] Starting GraphDB in workbench mode.
[INFO ] 2023-03-27 20:18:34,807 [main | c.o.g.Config] GraphDB Home directory: /home/rh/github/dev-baernreither-app/graphdb-10.2.0
[INFO ] 2023-03-27 20:18:34,807 [main | c.o.g.Config] GraphDB Config directory: /home/rh/github/dev-baernreither-app/graphdb-10.2.0/conf
[INFO ] 2023-03-27 20:18:34,808 [main | c.o.g.Config] GraphDB Data directory: /home/rh/github/dev-baernreither-app/graphdb-10.2.0/data
[INFO ] 2023-03-27 20:18:34,809 [main | c.o.g.Config] GraphDB Work directory: /home/rh/github/dev-baernreither-app/graphdb-10.2.0/work
[INFO ] 2023-03-27 20:18:34,809 [main | c.o.g.Config] GraphDB Logs directory: /home/rh/github/dev-baernreither-app/graphdb-10.2.0/logs
[INFO ] 2023-03-27 20:18:35,404 [main | c.o.g.r.s.SecurityUtil] Cluster gRPC server security is disabled
[INFO ] 2023-03-27 20:18:35,730 [main | c.o.f.c.s.r.GraphDBRpcServer] Started gRPC server on port 7300 successfully
[INFO ] 2023-03-27 20:18:38,291 [main | c.o.g.s.GraphDB] Started GraphDB in workbench mode at port 7200.
[INFO ] 2023-03-27 21:38:58,805 [Thread-3 | c.o.g.s.GraphDB] Stopping GraphDB.
[INFO ] 2023-03-27 21:38:58,870 [Thread-3 | c.o.f.c.s.SemanticDataManagement] Shutting down current semantic location
[INFO ] 2023-03-27 22:04:44,050 [main | c.o.g.Config] Using 'file:/home/rh/github/dev-baernreither-app/graphdb-10.2.0/conf/logback.xml' as logback's configuration file
[INFO ] 2023-03-27 22:04:44,357 [main | c.o.g.s.GraphDB] Starting GraphDB in workbench mode.
[INFO ] 2023-03-27 22:04:52,036 [main | c.o.g.Config] GraphDB Home directory: /home/rh/github/dev-baernreither-app/graphdb-10.2.0
[INFO ] 2023-03-27 22:04:52,037 [main | c.o.g.Config] GraphDB Config directory: /home/rh/github/dev-baernreither-app/graphdb-10.2.0/conf
[INFO ] 2023-03-27 22:04:52,038 [main | c.o.g.Config] GraphDB Data directory: /home/rh/github/dev-baernreither-app/graphdb-10.2.0/data
[INFO ] 2023-03-27 22:04:52,038 [main | c.o.g.Config] GraphDB Work directory: /home/rh/github/dev-baernreither-app/graphdb-10.2.0/work
[INFO ] 2023-03-27 22:04:52,038 [main | c.o.g.Config] GraphDB Logs directory: /home/rh/github/dev-baernreither-app/graphdb-10.2.0/logs
[INFO ] 2023-03-27 22:04:52,592 [main | c.o.g.r.s.SecurityUtil] Cluster gRPC server security is disabled
[INFO ] 2023-03-27 22:04:52,900 [main | c.o.f.c.s.r.GraphDBRpcServer] Started gRPC server on port 7300 successfully
[INFO ] 2023-03-27 22:04:55,201 [main | c.o.g.s.GraphDB] Started GraphDB in workbench mode at port 7200.
[INFO ] 2023-03-27 22:05:57,499 [Thread-3 | c.o.g.s.GraphDB] Stopping GraphDB.
[INFO ] 2023-03-27 22:05:57,546 [Thread-3 | c.o.f.c.s.SemanticDataManagement] Shutting down current semantic location
[INFO ] 2023-03-27 22:06:45,354 [main | c.o.g.Config] Using 'file:/home/rh/github/dev-baernreither-app/graphdb-10.2.0/conf/logback.xml' as logback's configuration file
[INFO ] 2023-03-27 22:06:45,662 [main | c.o.g.s.GraphDB] Starting GraphDB in workbench mode.
[INFO ] 2023-03-27 22:06:52,377 [main | c.o.g.Config] GraphDB Home directory: /home/rh/github/dev-baernreither-app/graphdb-10.2.0
[INFO ] 2023-03-27 22:06:52,378 [main | c.o.g.Config] GraphDB Config directory: /home/rh/github/dev-baernreither-app/graphdb-10.2.0/conf
[INFO ] 2023-03-27 22:06:52,378 [main | c.o.g.Config] GraphDB Data directory: /home/rh/github/dev-baernreither-app/graphdb-10.2.0/data
[INFO ] 2023-03-27 22:06:52,378 [main | c.o.g.Config] GraphDB Work directory: /home/rh/github/dev-baernreither-app/graphdb-10.2.0/work
[INFO ] 2023-03-27 22:06:52,378 [main | c.o.g.Config] GraphDB Logs directory: /home/rh/github/dev-baernreither-app/graphdb-10.2.0/logs
[INFO ] 2023-03-27 22:06:52,897 [main | c.o.g.r.s.SecurityUtil] Cluster gRPC server security is disabled
[INFO ] 2023-03-27 22:06:53,182 [main | c.o.f.c.s.r.GraphDBRpcServer] Started gRPC server on port 7300 successfully
[INFO ] 2023-03-27 22:06:55,530 [main | c.o.g.s.GraphDB] Started GraphDB in workbench mode at port 7200.
[INFO ] 2023-03-27 22:16:08,335 [Thread-3 | c.o.g.s.GraphDB] Stopping GraphDB.
[INFO ] 2023-03-27 22:16:08,398 [Thread-3 | c.o.f.c.s.SemanticDataManagement] Shutting down current semantic location
[INFO ] 2023-03-27 22:20:11,001 [main | c.o.g.Config] Using 'file:/home/rh/github/dev-baernreither-app/graphdb-10.2.0/conf/logback.xml' as logback's configuration file
[INFO ] 2023-03-27 22:20:11,319 [main | c.o.g.s.GraphDB] Starting GraphDB in workbench mode.
[INFO ] 2023-03-27 22:20:18,208 [main | c.o.g.Config] GraphDB Home directory: /home/rh/github/dev-baernreither-app/graphdb-10.2.0
[INFO ] 2023-03-27 22:20:18,209 [main | c.o.g.Config] GraphDB Config directory: /home/rh/github/dev-baernreither-app/graphdb-10.2.0/conf
[INFO ] 2023-03-27 22:20:18,209 [main | c.o.g.Config] GraphDB Data directory: /home/rh/github/dev-baernreither-app/graphdb-10.2.0/data
[INFO ] 2023-03-27 22:20:18,210 [main | c.o.g.Config] GraphDB Work directory: /home/rh/github/dev-baernreither-app/graphdb-10.2.0/work
[INFO ] 2023-03-27 22:20:18,210 [main | c.o.g.Config] GraphDB Logs directory: /home/rh/github/dev-baernreither-app/graphdb-10.2.0/logs
[INFO ] 2023-03-27 22:20:18,746 [main | c.o.g.r.s.SecurityUtil] Cluster gRPC server security is disabled
[INFO ] 2023-03-27 22:20:19,035 [main | c.o.f.c.s.r.GraphDBRpcServer] Started gRPC server on port 7300 successfully
[INFO ] 2023-03-27 22:20:21,358 [main | c.o.g.s.GraphDB] Started GraphDB in workbench mode at port 7200.
